<?xml version="1.0" encoding="UTF-8"?>
<testsuite name="org.autotest.StackTests3" tests="1" skipped="0" failures="0" errors="0" timestamp="2024-09-30T23:19:37" hostname="pc14" time="0.276">
  <properties/>
  <testcase name="run()" classname="org.autotest.StackTests3" time="0.276"/>
  <system-out><![CDATA[-> Corriendo tests de StackTests3 para la clase: StackAr (Stack original)
-> Corriendo tests de StackTests3 para la clase: StackArMutated9196 (OneConstantMutator: Se reemplazó 31 por 1 en la línea 87.)
-> Corriendo tests de StackTests3 para la clase: StackArMutated4737 (TrueConditionalsMutator: Se reemplazó this == obj por true en la línea 96.)
   [X] Falló el test testCompareStacks en la línea 74
-> Corriendo tests de StackTests3 para la clase: StackArMutated5902 (OneConstantMutator: Se reemplazó 10 por 1 en la línea 8.)
   [X] Falló el test testDefaultCapacityStack en la línea 136
-> Corriendo tests de StackTests3 para la clase: StackArMutated2676 (MathMutator: Se reemplazó * por / en la línea 90.)
-> Corriendo tests de StackTests3 para la clase: StackArMutated9998 (MinusOneConstantMutator: Se reemplazó 0 por -1 en la línea 53.)
   [X] Falló el test testDefaultConstructor en la línea 25
-> Corriendo tests de StackTests3 para la clase: StackArMutated4853 (TrueReturnsMutator: Se reemplazó false por true en la línea 101.)
   [X] Falló el test testEqualsDifferentClass en la línea 142
-> Corriendo tests de StackTests3 para la clase: StackArMutated8979 (TrueReturnsMutator: Se reemplazó false por true en la línea 99.)
   [X] Falló el test testCompareStacks en la línea 82
-> Corriendo tests de StackTests3 para la clase: StackArMutated3448 (MinusOneConstantMutator: Se reemplazó 0 por -1 en la línea 114.)
   [X] Falló el test testToStringMethod en la línea 58
-> Corriendo tests de StackTests3 para la clase: StackArMutated3602 (MinusOneConstantMutator: Se reemplazó 0 por -1 en la línea 115.)
   [X] Falló el test testToStringMethod en la línea 60
-> Corriendo tests de StackTests3 para la clase: StackArMutated2117 (NegateConditionsMutator: Se reemplazó > por <= en la línea 115.)
   [X] Falló el test testToStringMethod en la línea 60
-> Corriendo tests de StackTests3 para la clase: StackArMutated3007 (ZeroConstantMutator: Se reemplazó 31 por 0 en la línea 87.)
-> Corriendo tests de StackTests3 para la clase: StackArMutated4465 (NegateConditionsMutator: Se reemplazó == por != en la línea 96.)
   [X] Falló el test testCompareStacks en la línea 74
-> Corriendo tests de StackTests3 para la clase: StackArMutated6128 (MinusOneConstantMutator: Se reemplazó 1 por -1 en la línea 49.)
   [X] Falló el test testSizeIncreasesByOne en la línea 18
-> Corriendo tests de StackTests3 para la clase: StackArMutated1110 (FalseConditionalsMutator: Se reemplazó isEmpty() por false en la línea 69.)
-> Corriendo tests de StackTests3 para la clase: StackArMutated433 (OneConstantMutator: Se reemplazó 0 por 1 en la línea 114.)
   [X] Falló el test testToStringMethod en la línea 60
-> Corriendo tests de StackTests3 para la clase: StackArMutated7974 (MinusOneConstantMutator: Se reemplazó 31 por -1 en la línea 87.)
-> Corriendo tests de StackTests3 para la clase: StackArMutated8468 (EmptyReturnsMutator: Se reemplazó readIndex + 1 por 0 en la línea 49.)
   [X] Falló el test testSizeIncreasesByOne en la línea 20
-> Corriendo tests de StackTests3 para la clase: StackArMutated8588 (TrueReturnsMutator: Se reemplazó size() == elems.length por true en la línea 57.)
   [X] Falló el test testSizeIncreasesByOne en la línea 19
-> Corriendo tests de StackTests3 para la clase: StackArMutated7133 (NegateConditionsMutator: Se reemplazó != por == en la línea 100.)
   [X] Falló el test testCompareStacks en la línea 72
-> Corriendo tests de StackTests3 para la clase: StackArMutated6166 (TrueConditionalsMutator: Se reemplazó !java.util.Arrays.equals(elems, other.elems) por true en la línea 103.)
   [X] Falló el test testCompareStacks en la línea 72
-> Corriendo tests de StackTests3 para la clase: StackArMutated8662 (FalseReturnsMutator: Se reemplazó true por false en la línea 97.)
   [X] Falló el test testCompareStacks en la línea 76
-> Corriendo tests de StackTests3 para la clase: StackArMutated7693 (TrueConditionalsMutator: Se reemplazó isEmpty() por true en la línea 69.)
   [X] Falló el test testIsEmptyMethod en la línea 43
-> Corriendo tests de StackTests3 para la clase: StackArMutated7011 (FalseConditionalsMutator: Se reemplazó i > 0 por false en la línea 115.)
   [X] Falló el test testToStringMethod en la línea 62
-> Corriendo tests de StackTests3 para la clase: StackArMutated8908 (NegateConditionsMutator: Se reemplazó <= por > en la línea 114.)
   [X] Falló el test testToStringMethod en la línea 58
-> Corriendo tests de StackTests3 para la clase: StackArMutated4666 (TrueConditionalsMutator: Se reemplazó getClass() != obj.getClass() por true en la línea 100.)
   [X] Falló el test testCompareStacks en la línea 72
-> Corriendo tests de StackTests3 para la clase: StackArMutated1598 (MinusOneConstantMutator: Se reemplazó 10 por -1 en la línea 8.)
   [X] Falló el test testSizeIncreasesByOne en la línea 17
-> Corriendo tests de StackTests3 para la clase: StackArMutated3338 (MathMutator: Se reemplazó + por - en la línea 89.)
-> Corriendo tests de StackTests3 para la clase: StackArMutated2842 (ZeroConstantMutator: Se reemplazó 1 por 0 en la línea 88.)
-> Corriendo tests de StackTests3 para la clase: StackArMutated3101 (MathMutator: Se reemplazó + por - en la línea 49.)
   [X] Falló el test testSizeIncreasesByOne en la línea 18
-> Corriendo tests de StackTests3 para la clase: StackArMutated5324 (ConditionalsBoundaryMutator: Se reemplazó <= por < en la línea 114.)
   [X] Falló el test testToStringMethod en la línea 60
-> Corriendo tests de StackTests3 para la clase: StackArMutated8877 (NullReturnsMutator: Se reemplazó rv por null en la línea 74.)
   [X] Falló el test testPopMethod en la línea 113
-> Corriendo tests de StackTests3 para la clase: StackArMutated3221 (NegateConditionsMutator: Se reemplazó == por != en la línea 53.)
   [X] Falló el test testDefaultConstructor en la línea 25
-> Corriendo tests de StackTests3 para la clase: StackArMutated8359 (NegateConditionsMutator: Se reemplazó < por >= en la línea 19.)
   [X] Falló el test testSizeIncreasesByOne en la línea 17
-> Corriendo tests de StackTests3 para la clase: StackArMutated6099 (MathMutator: Se reemplazó + por - en la línea 90.)
-> Corriendo tests de StackTests3 para la clase: StackArMutated8597 (TrueConditionalsMutator: Se reemplazó i > 0 por true en la línea 115.)
   [X] Falló el test testToStringMethod en la línea 60
-> Corriendo tests de StackTests3 para la clase: StackArMutated4192 (FalseConditionalsMutator: Se reemplazó obj == null por false en la línea 98.)
   [X] Falló el test testCompareStacks en la línea 82
-> Corriendo tests de StackTests3 para la clase: StackArMutated8592 (ConditionalsBoundaryMutator: Se reemplazó > por >= en la línea 115.)
   [X] Falló el test testToStringMethod en la línea 60
-> Corriendo tests de StackTests3 para la clase: StackArMutated821 (OneConstantMutator: Se reemplazó 0 por 1 en la línea 53.)
   [X] Falló el test testDefaultConstructor en la línea 25
-> Corriendo tests de StackTests3 para la clase: StackArMutated9053 (TrueReturnsMutator: Se reemplazó size() == 0 por true en la línea 53.)
   [X] Falló el test testIsEmptyMethod en la línea 42
-> Corriendo tests de StackTests3 para la clase: StackArMutated1205 (FalseConditionalsMutator: Se reemplazó capacity < 0 por false en la línea 19.)
   [X] Falló el test testConstructorWithNegativeCapacity en la línea 33
-> Corriendo tests de StackTests3 para la clase: StackArMutated9652 (TrueReturnsMutator: Se reemplazó false por true en la línea 106.)
   [X] Falló el test testCompareStacks en la línea 74
-> Corriendo tests de StackTests3 para la clase: StackArMutated1645 (TrueReturnsMutator: Se reemplazó false por true en la línea 104.)
   [X] Falló el test testCompareStacks en la línea 78
-> Corriendo tests de StackTests3 para la clase: StackArMutated9410 (TrueConditionalsMutator: Se reemplazó capacity < 0 por true en la línea 19.)
   [X] Falló el test testSizeIncreasesByOne en la línea 17
-> Corriendo tests de StackTests3 para la clase: StackArMutated7509 (ZeroConstantMutator: Se reemplazó 1 por 0 en la línea 12.)
   [X] Falló el test testSizeIncreasesByOne en la línea 18
-> Corriendo tests de StackTests3 para la clase: StackArMutated6737 (ZeroConstantMutator: Se reemplazó 1 por 0 en la línea 49.)
   [X] Falló el test testSizeIncreasesByOne en la línea 18
-> Corriendo tests de StackTests3 para la clase: StackArMutated4121 (FalseConditionalsMutator: Se reemplazó readIndex != other.readIndex por false en la línea 105.)
   [X] Falló el test testCompareStacks en la línea 74
-> Corriendo tests de StackTests3 para la clase: StackArMutated6188 (ConditionalsBoundaryMutator: Se reemplazó < por <= en la línea 19.)
   [X] Falló el test testCreateStackWithCapacity0 en la línea 86
-> Corriendo tests de StackTests3 para la clase: StackArMutated936 (EmptyReturnsMutator: Se reemplazó result por 0 en la línea 91.)
   [X] Falló el test testHashMetod en la línea 121
-> Corriendo tests de StackTests3 para la clase: StackArMutated215 (TrueConditionalsMutator: Se reemplazó obj == null por true en la línea 98.)
   [X] Falló el test testCompareStacks en la línea 72
-> Corriendo tests de StackTests3 para la clase: StackArMutated48 (OneConstantMutator: Se reemplazó 0 por 1 en la línea 115.)
   [X] Falló el test testToStringMethod en la línea 62
-> Corriendo tests de StackTests3 para la clase: StackArMutated2628 (FalseConditionalsMutator: Se reemplazó this == obj por false en la línea 96.)
-> Corriendo tests de StackTests3 para la clase: StackArMutated9389 (NullReturnsMutator: Se reemplazó rv por null en la línea 82.)
   [X] Falló el test testTopMethod en la línea 101
-> Corriendo tests de StackTests3 para la clase: StackArMutated9226 (TrueConditionalsMutator: Se reemplazó readIndex != other.readIndex por true en la línea 105.)
   [X] Falló el test testCompareStacks en la línea 72
-> Corriendo tests de StackTests3 para la clase: StackArMutated4369 (EmptyReturnsMutator: Se reemplazó b.toString() por "" en la línea 123.)
   [X] Falló el test testToStringMethod en la línea 58
-> Corriendo tests de StackTests3 para la clase: StackArMutated3437 (ZeroConstantMutator: Se reemplazó 10 por 0 en la línea 8.)
   [X] Falló el test testSizeIncreasesByOne en la línea 19
-> Corriendo tests de StackTests3 para la clase: StackArMutated8726 (NegateConditionsMutator: Se reemplazó == por != en la línea 98.)
   [X] Falló el test testCompareStacks en la línea 72
-> Corriendo tests de StackTests3 para la clase: StackArMutated4410 (FalseConditionalsMutator: Se reemplazó getClass() != obj.getClass() por false en la línea 100.)
   [X] Falló el test testEqualsDifferentClass en la línea 142
-> Corriendo tests de StackTests3 para la clase: StackArMutated4773 (FalseConditionalsMutator: Se reemplazó isEmpty() por false en la línea 78.)
   [X] Falló el test testTopMethod en la línea 104
-> Corriendo tests de StackTests3 para la clase: StackArMutated4134 (FalseConditionalsMutator: Se reemplazó !java.util.Arrays.equals(elems, other.elems) por false en la línea 103.)
   [X] Falló el test testCompareStacks en la línea 78
-> Corriendo tests de StackTests3 para la clase: StackArMutated1187 (MinusOneConstantMutator: Se reemplazó 0 por -1 en la línea 19.)
   [X] Falló el test testConstructorWithNegativeCapacity en la línea 33
-> Corriendo tests de StackTests3 para la clase: StackArMutated3881 (TrueConditionalsMutator: Se reemplazó isEmpty() por true en la línea 78.)
   [X] Falló el test testIsEmptyMethod en la línea 43
-> Corriendo tests de StackTests3 para la clase: StackArMutated8975 (FalseReturnsMutator: Se reemplazó size() == 0 por false en la línea 53.)
   [X] Falló el test testDefaultConstructor en la línea 25
-> Corriendo tests de StackTests3 para la clase: StackArMutated2399 (FalseReturnsMutator: Se reemplazó true por false en la línea 107.)
   [X] Falló el test testCompareStacks en la línea 72
-> Corriendo tests de StackTests3 para la clase: StackArMutated4774 (FalseReturnsMutator: Se reemplazó size() == elems.length por false en la línea 57.)
   [X] Falló el test testIsFullMethod en la línea 51
-> Corriendo tests de StackTests3 para la clase: StackArMutated91 (MathMutator: Se reemplazó * por / en la línea 89.)
-> Corriendo tests de StackTests3 para la clase: StackArMutated7442 (OneConstantMutator: Se reemplazó 0 por 1 en la línea 19.)
   [X] Falló el test testCreateStackWithCapacity0 en la línea 86
-> Corriendo tests de StackTests3 para la clase: StackArMutated7684 (TrueConditionalsMutator: Se reemplazó isFull() por true en la línea 61.)
   [X] Falló el test testSizeIncreasesByOne en la línea 19
-> Corriendo tests de StackTests3 para la clase: StackArMutated8498 (MinusOneConstantMutator: Se reemplazó 1 por -1 en la línea 88.)
-> Corriendo tests de StackTests3 para la clase: StackArMutated90 (NullReturnsMutator: Se reemplazó b.toString() por null en la línea 123.)
   [X] Falló el test testToStringMethod en la línea 58
-> Corriendo tests de StackTests3 para la clase: StackArMutated4012 (NegateConditionsMutator: Se reemplazó == por != en la línea 57.)
   [X] Falló el test testSizeIncreasesByOne en la línea 19
-> Corriendo tests de StackTests3 para la clase: StackArMutated8573 (FalseConditionalsMutator: Se reemplazó isFull() por false en la línea 61.)
   [X] Falló el test testCantPushOnFullStack en la línea 92
-> Corriendo tests de StackTests3 para la clase: StackArMutated8771 (NegateConditionsMutator: Se reemplazó != por == en la línea 105.)
   [X] Falló el test testCompareStacks en la línea 72
-> Mutantes generados: 72
-> Mutantes eliminados: 61
    - StackArMutated3437 (ZeroConstantMutator: Se reemplazó 10 por 0 en la línea 8.)
    - StackArMutated8726 (NegateConditionsMutator: Se reemplazó == por != en la línea 98.)
    - StackArMutated4369 (EmptyReturnsMutator: Se reemplazó b.toString() por "" en la línea 123.)
    - StackArMutated4121 (FalseConditionalsMutator: Se reemplazó readIndex != other.readIndex por false en la línea 105.)
    - StackArMutated6188 (ConditionalsBoundaryMutator: Se reemplazó < por <= en la línea 19.)
    - StackArMutated8573 (FalseConditionalsMutator: Se reemplazó isFull() por false en la línea 61.)
    - StackArMutated8771 (NegateConditionsMutator: Se reemplazó != por == en la línea 105.)
    - StackArMutated433 (OneConstantMutator: Se reemplazó 0 por 1 en la línea 114.)
    - StackArMutated1205 (FalseConditionalsMutator: Se reemplazó capacity < 0 por false en la línea 19.)
    - StackArMutated1645 (TrueReturnsMutator: Se reemplazó false por true en la línea 104.)
    - StackArMutated7509 (ZeroConstantMutator: Se reemplazó 1 por 0 en la línea 12.)
    - StackArMutated6737 (ZeroConstantMutator: Se reemplazó 1 por 0 en la línea 49.)
    - StackArMutated3221 (NegateConditionsMutator: Se reemplazó == por != en la línea 53.)
    - StackArMutated5324 (ConditionalsBoundaryMutator: Se reemplazó <= por < en la línea 114.)
    - StackArMutated8359 (NegateConditionsMutator: Se reemplazó < por >= en la línea 19.)
    - StackArMutated8877 (NullReturnsMutator: Se reemplazó rv por null en la línea 74.)
    - StackArMutated8597 (TrueConditionalsMutator: Se reemplazó i > 0 por true en la línea 115.)
    - StackArMutated3101 (MathMutator: Se reemplazó + por - en la línea 49.)
    - StackArMutated9652 (TrueReturnsMutator: Se reemplazó false por true en la línea 106.)
    - StackArMutated9410 (TrueConditionalsMutator: Se reemplazó capacity < 0 por true en la línea 19.)
    - StackArMutated9053 (TrueReturnsMutator: Se reemplazó size() == 0 por true en la línea 53.)
    - StackArMutated8908 (NegateConditionsMutator: Se reemplazó <= por > en la línea 114.)
    - StackArMutated1598 (MinusOneConstantMutator: Se reemplazó 10 por -1 en la línea 8.)
    - StackArMutated4465 (NegateConditionsMutator: Se reemplazó == por != en la línea 96.)
    - StackArMutated9998 (MinusOneConstantMutator: Se reemplazó 0 por -1 en la línea 53.)
    - StackArMutated6128 (MinusOneConstantMutator: Se reemplazó 1 por -1 en la línea 49.)
    - StackArMutated4666 (TrueConditionalsMutator: Se reemplazó getClass() != obj.getClass() por true en la línea 100.)
    - StackArMutated936 (EmptyReturnsMutator: Se reemplazó result por 0 en la línea 91.)
    - StackArMutated8588 (TrueReturnsMutator: Se reemplazó size() == elems.length por true en la línea 57.)
    - StackArMutated8468 (EmptyReturnsMutator: Se reemplazó readIndex + 1 por 0 en la línea 49.)
    - StackArMutated6166 (TrueConditionalsMutator: Se reemplazó !java.util.Arrays.equals(elems, other.elems) por true en la línea 103.)
    - StackArMutated215 (TrueConditionalsMutator: Se reemplazó obj == null por true en la línea 98.)
    - StackArMutated8592 (ConditionalsBoundaryMutator: Se reemplazó > por >= en la línea 115.)
    - StackArMutated4192 (FalseConditionalsMutator: Se reemplazó obj == null por false en la línea 98.)
    - StackArMutated4737 (TrueConditionalsMutator: Se reemplazó this == obj por true en la línea 96.)
    - StackArMutated3448 (MinusOneConstantMutator: Se reemplazó 0 por -1 en la línea 114.)
    - StackArMutated3602 (MinusOneConstantMutator: Se reemplazó 0 por -1 en la línea 115.)
    - StackArMutated2117 (NegateConditionsMutator: Se reemplazó > por <= en la línea 115.)
    - StackArMutated8979 (TrueReturnsMutator: Se reemplazó false por true en la línea 99.)
    - StackArMutated5902 (OneConstantMutator: Se reemplazó 10 por 1 en la línea 8.)
    - StackArMutated90 (NullReturnsMutator: Se reemplazó b.toString() por null en la línea 123.)
    - StackArMutated4410 (FalseConditionalsMutator: Se reemplazó getClass() != obj.getClass() por false en la línea 100.)
    - StackArMutated4773 (FalseConditionalsMutator: Se reemplazó isEmpty() por false en la línea 78.)
    - StackArMutated3881 (TrueConditionalsMutator: Se reemplazó isEmpty() por true en la línea 78.)
    - StackArMutated4774 (FalseReturnsMutator: Se reemplazó size() == elems.length por false en la línea 57.)
    - StackArMutated8975 (FalseReturnsMutator: Se reemplazó size() == 0 por false en la línea 53.)
    - StackArMutated4853 (TrueReturnsMutator: Se reemplazó false por true en la línea 101.)
    - StackArMutated9226 (TrueConditionalsMutator: Se reemplazó readIndex != other.readIndex por true en la línea 105.)
    - StackArMutated2399 (FalseReturnsMutator: Se reemplazó true por false en la línea 107.)
    - StackArMutated7442 (OneConstantMutator: Se reemplazó 0 por 1 en la línea 19.)
    - StackArMutated7684 (TrueConditionalsMutator: Se reemplazó isFull() por true en la línea 61.)
    - StackArMutated821 (OneConstantMutator: Se reemplazó 0 por 1 en la línea 53.)
    - StackArMutated9389 (NullReturnsMutator: Se reemplazó rv por null en la línea 82.)
    - StackArMutated1187 (MinusOneConstantMutator: Se reemplazó 0 por -1 en la línea 19.)
    - StackArMutated4012 (NegateConditionsMutator: Se reemplazó == por != en la línea 57.)
    - StackArMutated4134 (FalseConditionalsMutator: Se reemplazó !java.util.Arrays.equals(elems, other.elems) por false en la línea 103.)
    - StackArMutated8662 (FalseReturnsMutator: Se reemplazó true por false en la línea 97.)
    - StackArMutated7133 (NegateConditionsMutator: Se reemplazó != por == en la línea 100.)
    - StackArMutated48 (OneConstantMutator: Se reemplazó 0 por 1 en la línea 115.)
    - StackArMutated7693 (TrueConditionalsMutator: Se reemplazó isEmpty() por true en la línea 69.)
    - StackArMutated7011 (FalseConditionalsMutator: Se reemplazó i > 0 por false en la línea 115.)
-> Mutantes vivos: 11
    - StackArMutated2628 (FalseConditionalsMutator: Se reemplazó this == obj por false en la línea 96.)
    - StackArMutated3338 (MathMutator: Se reemplazó + por - en la línea 89.)
    - StackArMutated2842 (ZeroConstantMutator: Se reemplazó 1 por 0 en la línea 88.)
    - StackArMutated7974 (MinusOneConstantMutator: Se reemplazó 31 por -1 en la línea 87.)
    - StackArMutated1110 (FalseConditionalsMutator: Se reemplazó isEmpty() por false en la línea 69.)
    - StackArMutated6099 (MathMutator: Se reemplazó + por - en la línea 90.)
    - StackArMutated3007 (ZeroConstantMutator: Se reemplazó 31 por 0 en la línea 87.)
    - StackArMutated2676 (MathMutator: Se reemplazó * por / en la línea 90.)
    - StackArMutated91 (MathMutator: Se reemplazó * por / en la línea 89.)
    - StackArMutated8498 (MinusOneConstantMutator: Se reemplazó 1 por -1 en la línea 88.)
    - StackArMutated9196 (OneConstantMutator: Se reemplazó 31 por 1 en la línea 87.)
-> Mutation score: 84%
]]></system-out>
  <system-err><![CDATA[[Test worker] INFO org.reflections.Reflections - Reflections took 61 ms to scan 1 urls, producing 1 keys and 72 values
]]></system-err>
</testsuite>
